/home/user/ros2ws/install/my_turtle_controller/lib/python3.10/site-packages/my_turtle_controller/debug.py
/home/user/ros2ws/install/my_turtle_controller/lib/python3.10/site-packages/my_turtle_controller/tugas4dan5.py
/home/user/ros2ws/install/my_turtle_controller/lib/python3.10/site-packages/my_turtle_controller/my_node.py
/home/user/ros2ws/install/my_turtle_controller/lib/python3.10/site-packages/my_turtle_controller/__init__.py
/home/user/ros2ws/install/my_turtle_controller/lib/python3.10/site-packages/my_turtle_controller/turtle_flower.py
/home/user/ros2ws/install/my_turtle_controller/lib/python3.10/site-packages/my_turtle_controller/__pycache__/debug.cpython-310.pyc
/home/user/ros2ws/install/my_turtle_controller/lib/python3.10/site-packages/my_turtle_controller/__pycache__/tugas4dan5.cpython-310.pyc
/home/user/ros2ws/install/my_turtle_controller/lib/python3.10/site-packages/my_turtle_controller/__pycache__/my_node.cpython-310.pyc
/home/user/ros2ws/install/my_turtle_controller/lib/python3.10/site-packages/my_turtle_controller/__pycache__/__init__.cpython-310.pyc
/home/user/ros2ws/install/my_turtle_controller/lib/python3.10/site-packages/my_turtle_controller/__pycache__/turtle_flower.cpython-310.pyc
/home/user/ros2ws/install/my_turtle_controller/share/ament_index/resource_index/packages/my_turtle_controller
/home/user/ros2ws/install/my_turtle_controller/share/my_turtle_controller/package.xml
/home/user/ros2ws/install/my_turtle_controller/lib/python3.10/site-packages/my_turtle_controller-0.0.0-py3.10.egg-info/SOURCES.txt
/home/user/ros2ws/install/my_turtle_controller/lib/python3.10/site-packages/my_turtle_controller-0.0.0-py3.10.egg-info/top_level.txt
/home/user/ros2ws/install/my_turtle_controller/lib/python3.10/site-packages/my_turtle_controller-0.0.0-py3.10.egg-info/requires.txt
/home/user/ros2ws/install/my_turtle_controller/lib/python3.10/site-packages/my_turtle_controller-0.0.0-py3.10.egg-info/PKG-INFO
/home/user/ros2ws/install/my_turtle_controller/lib/python3.10/site-packages/my_turtle_controller-0.0.0-py3.10.egg-info/entry_points.txt
/home/user/ros2ws/install/my_turtle_controller/lib/python3.10/site-packages/my_turtle_controller-0.0.0-py3.10.egg-info/zip-safe
/home/user/ros2ws/install/my_turtle_controller/lib/python3.10/site-packages/my_turtle_controller-0.0.0-py3.10.egg-info/dependency_links.txt
/home/user/ros2ws/install/my_turtle_controller/lib/my_turtle_controller/debug
