[0.751s] Invoking command in '/home/user/ros2ws/src/my_turtle_controller': PYTHONPATH=/home/user/ros2ws/build/my_turtle_controller/prefix_override:/usr/lib/python3/dist-packages/colcon_core/task/python/colcon_distutils_commands:/home/user/ros2ws/install/my_turtle_controller/lib/python3.10/site-packages:${PYTHONPATH} /usr/bin/python3 -W ignore:setup.py install is deprecated setup.py egg_info --egg-base ../../build/my_turtle_controller build --build-base /home/user/ros2ws/build/my_turtle_controller/build install --record /home/user/ros2ws/build/my_turtle_controller/install.log --single-version-externally-managed install_data
[1.013s] running egg_info
[1.014s] writing ../../build/my_turtle_controller/my_turtle_controller.egg-info/PKG-INFO
[1.014s] writing dependency_links to ../../build/my_turtle_controller/my_turtle_controller.egg-info/dependency_links.txt
[1.014s] writing entry points to ../../build/my_turtle_controller/my_turtle_controller.egg-info/entry_points.txt
[1.015s] writing requirements to ../../build/my_turtle_controller/my_turtle_controller.egg-info/requires.txt
[1.015s] writing top-level names to ../../build/my_turtle_controller/my_turtle_controller.egg-info/top_level.txt
[1.017s] reading manifest file '../../build/my_turtle_controller/my_turtle_controller.egg-info/SOURCES.txt'
[1.018s] writing manifest file '../../build/my_turtle_controller/my_turtle_controller.egg-info/SOURCES.txt'
[1.018s] running build
[1.018s] running build_py
[1.018s] copying my_turtle_controller/turtle_flower.py -> /home/user/ros2ws/build/my_turtle_controller/build/lib/my_turtle_controller
[1.019s] running install
[1.019s] running install_lib
[1.020s] copying /home/user/ros2ws/build/my_turtle_controller/build/lib/my_turtle_controller/turtle_flower.py -> /home/user/ros2ws/install/my_turtle_controller/lib/python3.10/site-packages/my_turtle_controller
[1.021s] byte-compiling /home/user/ros2ws/install/my_turtle_controller/lib/python3.10/site-packages/my_turtle_controller/turtle_flower.py to turtle_flower.cpython-310.pyc
[1.021s] running install_data
[1.022s] running install_egg_info
[1.023s] removing '/home/user/ros2ws/install/my_turtle_controller/lib/python3.10/site-packages/my_turtle_controller-0.0.0-py3.10.egg-info' (and everything under it)
[1.024s] Copying ../../build/my_turtle_controller/my_turtle_controller.egg-info to /home/user/ros2ws/install/my_turtle_controller/lib/python3.10/site-packages/my_turtle_controller-0.0.0-py3.10.egg-info
[1.025s] running install_scripts
[1.048s] Installing my_node = my_turtle_controller.my_node:mainturtle_flower script to /home/user/ros2ws/install/my_turtle_controller/lib/my_turtle_controller
[1.049s] writing list of installed files to '/home/user/ros2ws/build/my_turtle_controller/install.log'
[1.078s] Invoked command in '/home/user/ros2ws/src/my_turtle_controller' returned '0': PYTHONPATH=/home/user/ros2ws/build/my_turtle_controller/prefix_override:/usr/lib/python3/dist-packages/colcon_core/task/python/colcon_distutils_commands:/home/user/ros2ws/install/my_turtle_controller/lib/python3.10/site-packages:${PYTHONPATH} /usr/bin/python3 -W ignore:setup.py install is deprecated setup.py egg_info --egg-base ../../build/my_turtle_controller build --build-base /home/user/ros2ws/build/my_turtle_controller/build install --record /home/user/ros2ws/build/my_turtle_controller/install.log --single-version-externally-managed install_data
