[0.738s] Invoking command in '/home/user/ros2ws/src/my_turtle_controller': PYTHONPATH=/home/user/ros2ws/build/my_turtle_controller/prefix_override:/usr/lib/python3/dist-packages/colcon_core/task/python/colcon_distutils_commands:/home/user/ros2ws/install/my_turtle_controller/lib/python3.10/site-packages:${PYTHONPATH} /usr/bin/python3 -W ignore:setup.py install is deprecated setup.py egg_info --egg-base ../../build/my_turtle_controller build --build-base /home/user/ros2ws/build/my_turtle_controller/build install --record /home/user/ros2ws/build/my_turtle_controller/install.log --single-version-externally-managed install_data
[1.005s] running egg_info
[1.005s] writing ../../build/my_turtle_controller/my_turtle_controller.egg-info/PKG-INFO
[1.006s] writing dependency_links to ../../build/my_turtle_controller/my_turtle_controller.egg-info/dependency_links.txt
[1.006s] writing entry points to ../../build/my_turtle_controller/my_turtle_controller.egg-info/entry_points.txt
[1.006s] writing requirements to ../../build/my_turtle_controller/my_turtle_controller.egg-info/requires.txt
[1.006s] writing top-level names to ../../build/my_turtle_controller/my_turtle_controller.egg-info/top_level.txt
[1.008s] reading manifest file '../../build/my_turtle_controller/my_turtle_controller.egg-info/SOURCES.txt'
[1.009s] writing manifest file '../../build/my_turtle_controller/my_turtle_controller.egg-info/SOURCES.txt'
[1.009s] running build
[1.009s] running build_py
[1.009s] copying my_turtle_controller/debug.py -> /home/user/ros2ws/build/my_turtle_controller/build/lib/my_turtle_controller
[1.009s] copying my_turtle_controller/tugas4dan5.py -> /home/user/ros2ws/build/my_turtle_controller/build/lib/my_turtle_controller
[1.011s] running install
[1.011s] running install_lib
[1.012s] copying /home/user/ros2ws/build/my_turtle_controller/build/lib/my_turtle_controller/debug.py -> /home/user/ros2ws/install/my_turtle_controller/lib/python3.10/site-packages/my_turtle_controller
[1.012s] copying /home/user/ros2ws/build/my_turtle_controller/build/lib/my_turtle_controller/tugas4dan5.py -> /home/user/ros2ws/install/my_turtle_controller/lib/python3.10/site-packages/my_turtle_controller
[1.013s] byte-compiling /home/user/ros2ws/install/my_turtle_controller/lib/python3.10/site-packages/my_turtle_controller/debug.py to debug.cpython-310.pyc
[1.015s] byte-compiling /home/user/ros2ws/install/my_turtle_controller/lib/python3.10/site-packages/my_turtle_controller/tugas4dan5.py to tugas4dan5.cpython-310.pyc
[1.016s] running install_data
[1.016s] running install_egg_info
[1.018s] removing '/home/user/ros2ws/install/my_turtle_controller/lib/python3.10/site-packages/my_turtle_controller-0.0.0-py3.10.egg-info' (and everything under it)
[1.018s] Copying ../../build/my_turtle_controller/my_turtle_controller.egg-info to /home/user/ros2ws/install/my_turtle_controller/lib/python3.10/site-packages/my_turtle_controller-0.0.0-py3.10.egg-info
[1.020s] running install_scripts
[1.043s] Installing debug script to /home/user/ros2ws/install/my_turtle_controller/lib/my_turtle_controller
[1.044s] writing list of installed files to '/home/user/ros2ws/build/my_turtle_controller/install.log'
[1.084s] Invoked command in '/home/user/ros2ws/src/my_turtle_controller' returned '0': PYTHONPATH=/home/user/ros2ws/build/my_turtle_controller/prefix_override:/usr/lib/python3/dist-packages/colcon_core/task/python/colcon_distutils_commands:/home/user/ros2ws/install/my_turtle_controller/lib/python3.10/site-packages:${PYTHONPATH} /usr/bin/python3 -W ignore:setup.py install is deprecated setup.py egg_info --egg-base ../../build/my_turtle_controller build --build-base /home/user/ros2ws/build/my_turtle_controller/build install --record /home/user/ros2ws/build/my_turtle_controller/install.log --single-version-externally-managed install_data
